2024-08-29 12:15:22.427 [info] Getting Manifest... ms-python.python
2024-08-29 12:15:22.466 [info] Installing extension: ms-python.python {"isMachineScoped":false,"installPreReleaseVersion":false,"pinned":false,"profileLocation":{"$mid":1,"external":"vscode-userdata:/home/gabriela-quinones/.vscode/extensions/extensions.json","path":"/home/gabriela-quinones/.vscode/extensions/extensions.json","scheme":"vscode-userdata"},"installOnlyNewlyAddedFromExtensionPack":true,"isApplicationScoped":false,"productVersion":{"version":"1.92.2","date":"2024-08-14T17:29:30.058Z"}}
2024-08-29 12:15:23.768 [info] Getting Manifest... ms-python.vscode-pylance
2024-08-29 12:15:23.985 [info] Getting Manifest... ms-python.debugpy
2024-08-29 12:15:24.153 [info] Installing extension: ms-python.vscode-pylance {"isMachineScoped":false,"installPreReleaseVersion":false,"pinned":false,"profileLocation":{"$mid":1,"external":"vscode-userdata:/home/gabriela-quinones/.vscode/extensions/extensions.json","path":"/home/gabriela-quinones/.vscode/extensions/extensions.json","scheme":"vscode-userdata"},"installOnlyNewlyAddedFromExtensionPack":true,"isApplicationScoped":false,"productVersion":{"version":"1.92.2","date":"2024-08-14T17:29:30.058Z"},"context":{"dependecyOrPackExtensionInstall":true}}
2024-08-29 12:15:24.153 [info] Installing extension: ms-python.debugpy {"isMachineScoped":false,"installPreReleaseVersion":false,"pinned":false,"profileLocation":{"$mid":1,"external":"vscode-userdata:/home/gabriela-quinones/.vscode/extensions/extensions.json","path":"/home/gabriela-quinones/.vscode/extensions/extensions.json","scheme":"vscode-userdata"},"installOnlyNewlyAddedFromExtensionPack":true,"isApplicationScoped":false,"productVersion":{"version":"1.92.2","date":"2024-08-14T17:29:30.058Z"},"context":{"dependecyOrPackExtensionInstall":true}}
2024-08-29 12:15:24.333 [info] Getting Manifest... ms-toolsai.jupyter
2024-08-29 12:15:24.357 [info] Installing extension: ms-toolsai.jupyter {"isMachineScoped":false,"installPreReleaseVersion":false,"pinned":false,"profileLocation":{"$mid":1,"external":"vscode-userdata:/home/gabriela-quinones/.vscode/extensions/extensions.json","path":"/home/gabriela-quinones/.vscode/extensions/extensions.json","scheme":"vscode-userdata"},"installOnlyNewlyAddedFromExtensionPack":true,"isApplicationScoped":false,"productVersion":{"version":"1.92.2","date":"2024-08-14T17:29:30.058Z"}}
2024-08-29 12:15:24.569 [info] Getting Manifest... ms-toolsai.jupyter-keymap
2024-08-29 12:15:24.771 [info] Getting Manifest... ms-toolsai.jupyter-renderers
2024-08-29 12:15:24.924 [info] Getting Manifest... ms-toolsai.vscode-jupyter-cell-tags
2024-08-29 12:15:25.009 [info] Getting Manifest... ms-toolsai.vscode-jupyter-slideshow
2024-08-29 12:15:25.289 [info] Installing extension: ms-toolsai.jupyter-keymap {"isMachineScoped":false,"installPreReleaseVersion":false,"pinned":false,"profileLocation":{"$mid":1,"external":"vscode-userdata:/home/gabriela-quinones/.vscode/extensions/extensions.json","path":"/home/gabriela-quinones/.vscode/extensions/extensions.json","scheme":"vscode-userdata"},"installOnlyNewlyAddedFromExtensionPack":true,"isApplicationScoped":false,"productVersion":{"version":"1.92.2","date":"2024-08-14T17:29:30.058Z"},"context":{"dependecyOrPackExtensionInstall":true}}
2024-08-29 12:15:25.301 [info] Installing extension: ms-toolsai.jupyter-renderers {"isMachineScoped":false,"installPreReleaseVersion":false,"pinned":false,"profileLocation":{"$mid":1,"external":"vscode-userdata:/home/gabriela-quinones/.vscode/extensions/extensions.json","path":"/home/gabriela-quinones/.vscode/extensions/extensions.json","scheme":"vscode-userdata"},"installOnlyNewlyAddedFromExtensionPack":true,"isApplicationScoped":false,"productVersion":{"version":"1.92.2","date":"2024-08-14T17:29:30.058Z"},"context":{"dependecyOrPackExtensionInstall":true}}
2024-08-29 12:15:25.318 [info] Installing extension: ms-toolsai.vscode-jupyter-cell-tags {"isMachineScoped":false,"installPreReleaseVersion":false,"pinned":false,"profileLocation":{"$mid":1,"external":"vscode-userdata:/home/gabriela-quinones/.vscode/extensions/extensions.json","path":"/home/gabriela-quinones/.vscode/extensions/extensions.json","scheme":"vscode-userdata"},"installOnlyNewlyAddedFromExtensionPack":true,"isApplicationScoped":false,"productVersion":{"version":"1.92.2","date":"2024-08-14T17:29:30.058Z"},"context":{"dependecyOrPackExtensionInstall":true}}
2024-08-29 12:15:25.318 [info] Installing extension: ms-toolsai.vscode-jupyter-slideshow {"isMachineScoped":false,"installPreReleaseVersion":false,"pinned":false,"profileLocation":{"$mid":1,"external":"vscode-userdata:/home/gabriela-quinones/.vscode/extensions/extensions.json","path":"/home/gabriela-quinones/.vscode/extensions/extensions.json","scheme":"vscode-userdata"},"installOnlyNewlyAddedFromExtensionPack":true,"isApplicationScoped":false,"productVersion":{"version":"1.92.2","date":"2024-08-14T17:29:30.058Z"},"context":{"dependecyOrPackExtensionInstall":true}}
2024-08-29 12:15:35.432 [info] Extension signature verification result for ms-toolsai.vscode-jupyter-cell-tags: Success. Executed: true. Duration: 7714ms.
2024-08-29 12:15:35.559 [info] Extension signature verification result for ms-toolsai.jupyter-keymap: Success. Executed: true. Duration: 7849ms.
2024-08-29 12:15:35.566 [info] Extension signature verification result for ms-toolsai.vscode-jupyter-slideshow: Success. Executed: true. Duration: 7331ms.
2024-08-29 12:15:36.234 [info] Extracted extension to file:///home/gabriela-quinones/.vscode/extensions/ms-toolsai.jupyter-keymap-1.1.2: ms-toolsai.jupyter-keymap
2024-08-29 12:15:36.291 [info] Renamed to /home/gabriela-quinones/.vscode/extensions/ms-toolsai.jupyter-keymap-1.1.2
2024-08-29 12:15:36.548 [error] [uncaught exception in sharedProcess]: Error: ENOENT: no such file or directory, stat '/home/gabriela-quinones/.vscode/extensions/extensions.json.vsctmp': EntryNotFound (FileSystemError): Error: ENOENT: no such file or directory, stat '/home/gabriela-quinones/.vscode/extensions/extensions.json.vsctmp'
    at o.create (/snap/code/167/usr/share/code/resources/app/out/vs/code/node/sharedProcess/sharedProcessMain.js:54:19408)
    at u (/snap/code/167/usr/share/code/resources/app/out/vs/code/node/sharedProcess/sharedProcessMain.js:54:19519)
    at p.hb (/snap/code/167/usr/share/code/resources/app/out/vs/code/node/sharedProcess/sharedProcessMain.js:59:36714)
    at p.stat (/snap/code/167/usr/share/code/resources/app/out/vs/code/node/sharedProcess/sharedProcessMain.js:59:29034)
    at async c.stat (/snap/code/167/usr/share/code/resources/app/out/vs/code/node/sharedProcess/sharedProcessMain.js:59:14940)
    at async z.ub (/snap/code/167/usr/share/code/resources/app/out/vs/code/node/sharedProcess/sharedProcessMain.js:105:120384)
2024-08-29 12:15:36.653 [info] Extracted extension to file:///home/gabriela-quinones/.vscode/extensions/ms-toolsai.vscode-jupyter-slideshow-0.1.6: ms-toolsai.vscode-jupyter-slideshow
2024-08-29 12:15:36.694 [info] Renamed to /home/gabriela-quinones/.vscode/extensions/ms-toolsai.vscode-jupyter-slideshow-0.1.6
2024-08-29 12:15:36.723 [info] Extracted extension to file:///home/gabriela-quinones/.vscode/extensions/ms-toolsai.vscode-jupyter-cell-tags-0.1.9: ms-toolsai.vscode-jupyter-cell-tags
2024-08-29 12:15:36.751 [info] Renamed to /home/gabriela-quinones/.vscode/extensions/ms-toolsai.vscode-jupyter-cell-tags-0.1.9
2024-08-29 12:15:36.877 [error] [uncaught exception in sharedProcess]: Error: ENOENT: no such file or directory, stat '/home/gabriela-quinones/.vscode/extensions/extensions.json.vsctmp': EntryNotFound (FileSystemError): Error: ENOENT: no such file or directory, stat '/home/gabriela-quinones/.vscode/extensions/extensions.json.vsctmp'
    at o.create (/snap/code/167/usr/share/code/resources/app/out/vs/code/node/sharedProcess/sharedProcessMain.js:54:19408)
    at u (/snap/code/167/usr/share/code/resources/app/out/vs/code/node/sharedProcess/sharedProcessMain.js:54:19519)
    at p.hb (/snap/code/167/usr/share/code/resources/app/out/vs/code/node/sharedProcess/sharedProcessMain.js:59:36714)
    at p.stat (/snap/code/167/usr/share/code/resources/app/out/vs/code/node/sharedProcess/sharedProcessMain.js:59:29034)
    at async c.stat (/snap/code/167/usr/share/code/resources/app/out/vs/code/node/sharedProcess/sharedProcessMain.js:59:14940)
    at async z.ub (/snap/code/167/usr/share/code/resources/app/out/vs/code/node/sharedProcess/sharedProcessMain.js:105:120384)
2024-08-29 12:15:37.106 [info] Extension signature verification result for ms-toolsai.jupyter-renderers: Success. Executed: true. Duration: 7076ms.
2024-08-29 12:15:37.609 [info] Extension signature verification result for ms-toolsai.jupyter: Success. Executed: true. Duration: 7169ms.
2024-08-29 12:15:39.173 [info] Extracted extension to file:///home/gabriela-quinones/.vscode/extensions/ms-toolsai.jupyter-renderers-1.0.19: ms-toolsai.jupyter-renderers
2024-08-29 12:15:39.180 [info] Renamed to /home/gabriela-quinones/.vscode/extensions/ms-toolsai.jupyter-renderers-1.0.19
2024-08-29 12:15:39.309 [error] [uncaught exception in sharedProcess]: Error: ENOENT: no such file or directory, stat '/home/gabriela-quinones/.vscode/extensions/extensions.json.vsctmp': EntryNotFound (FileSystemError): Error: ENOENT: no such file or directory, stat '/home/gabriela-quinones/.vscode/extensions/extensions.json.vsctmp'
    at o.create (/snap/code/167/usr/share/code/resources/app/out/vs/code/node/sharedProcess/sharedProcessMain.js:54:19408)
    at u (/snap/code/167/usr/share/code/resources/app/out/vs/code/node/sharedProcess/sharedProcessMain.js:54:19519)
    at p.hb (/snap/code/167/usr/share/code/resources/app/out/vs/code/node/sharedProcess/sharedProcessMain.js:59:36714)
    at p.stat (/snap/code/167/usr/share/code/resources/app/out/vs/code/node/sharedProcess/sharedProcessMain.js:59:29034)
    at async c.stat (/snap/code/167/usr/share/code/resources/app/out/vs/code/node/sharedProcess/sharedProcessMain.js:59:14940)
    at async z.ub (/snap/code/167/usr/share/code/resources/app/out/vs/code/node/sharedProcess/sharedProcessMain.js:105:120384)
2024-08-29 12:15:39.473 [info] Extracted extension to file:///home/gabriela-quinones/.vscode/extensions/ms-toolsai.jupyter-2024.7.0-linux-x64: ms-toolsai.jupyter
2024-08-29 12:15:39.529 [info] Renamed to /home/gabriela-quinones/.vscode/extensions/ms-toolsai.jupyter-2024.7.0-linux-x64
2024-08-29 12:15:39.531 [info] Extension signature verification result for ms-python.debugpy: Success. Executed: true. Duration: 2778ms.
2024-08-29 12:15:39.655 [error] [uncaught exception in sharedProcess]: Error: ENOENT: no such file or directory, stat '/home/gabriela-quinones/.vscode/extensions/extensions.json.vsctmp': EntryNotFound (FileSystemError): Error: ENOENT: no such file or directory, stat '/home/gabriela-quinones/.vscode/extensions/extensions.json.vsctmp'
    at o.create (/snap/code/167/usr/share/code/resources/app/out/vs/code/node/sharedProcess/sharedProcessMain.js:54:19408)
    at u (/snap/code/167/usr/share/code/resources/app/out/vs/code/node/sharedProcess/sharedProcessMain.js:54:19519)
    at p.hb (/snap/code/167/usr/share/code/resources/app/out/vs/code/node/sharedProcess/sharedProcessMain.js:59:36714)
    at p.stat (/snap/code/167/usr/share/code/resources/app/out/vs/code/node/sharedProcess/sharedProcessMain.js:59:29034)
    at async c.stat (/snap/code/167/usr/share/code/resources/app/out/vs/code/node/sharedProcess/sharedProcessMain.js:59:14940)
    at async z.ub (/snap/code/167/usr/share/code/resources/app/out/vs/code/node/sharedProcess/sharedProcessMain.js:105:120384)
2024-08-29 12:15:39.692 [info] Extension installed successfully: ms-toolsai.jupyter-keymap vscode-userdata:/home/gabriela-quinones/.vscode/extensions/extensions.json
2024-08-29 12:15:39.692 [info] Extension installed successfully: ms-toolsai.vscode-jupyter-slideshow vscode-userdata:/home/gabriela-quinones/.vscode/extensions/extensions.json
2024-08-29 12:15:39.692 [info] Extension installed successfully: ms-toolsai.vscode-jupyter-cell-tags vscode-userdata:/home/gabriela-quinones/.vscode/extensions/extensions.json
2024-08-29 12:15:39.692 [info] Extension installed successfully: ms-toolsai.jupyter-renderers vscode-userdata:/home/gabriela-quinones/.vscode/extensions/extensions.json
2024-08-29 12:15:39.692 [info] Extension installed successfully: ms-toolsai.jupyter vscode-userdata:/home/gabriela-quinones/.vscode/extensions/extensions.json
2024-08-29 12:15:43.772 [info] Extension signature verification result for ms-python.python: Success. Executed: true. Duration: 4011ms.
2024-08-29 12:15:44.414 [info] Extracted extension to file:///home/gabriela-quinones/.vscode/extensions/ms-python.debugpy-2024.10.0-linux-x64: ms-python.debugpy
2024-08-29 12:15:44.414 [info] Renamed to /home/gabriela-quinones/.vscode/extensions/ms-python.debugpy-2024.10.0-linux-x64
2024-08-29 12:15:44.521 [error] [uncaught exception in sharedProcess]: Error: ENOENT: no such file or directory, stat '/home/gabriela-quinones/.vscode/extensions/extensions.json.vsctmp': EntryNotFound (FileSystemError): Error: ENOENT: no such file or directory, stat '/home/gabriela-quinones/.vscode/extensions/extensions.json.vsctmp'
    at o.create (/snap/code/167/usr/share/code/resources/app/out/vs/code/node/sharedProcess/sharedProcessMain.js:54:19408)
    at u (/snap/code/167/usr/share/code/resources/app/out/vs/code/node/sharedProcess/sharedProcessMain.js:54:19519)
    at p.hb (/snap/code/167/usr/share/code/resources/app/out/vs/code/node/sharedProcess/sharedProcessMain.js:59:36714)
    at p.stat (/snap/code/167/usr/share/code/resources/app/out/vs/code/node/sharedProcess/sharedProcessMain.js:59:29034)
    at async c.stat (/snap/code/167/usr/share/code/resources/app/out/vs/code/node/sharedProcess/sharedProcessMain.js:59:14940)
    at async z.ub (/snap/code/167/usr/share/code/resources/app/out/vs/code/node/sharedProcess/sharedProcessMain.js:105:120384)
2024-08-29 12:15:46.128 [info] Extracted extension to file:///home/gabriela-quinones/.vscode/extensions/ms-python.python-2024.12.3-linux-x64: ms-python.python
2024-08-29 12:15:46.142 [info] Renamed to /home/gabriela-quinones/.vscode/extensions/ms-python.python-2024.12.3-linux-x64
2024-08-29 12:15:46.238 [error] [uncaught exception in sharedProcess]: Error: ENOENT: no such file or directory, stat '/home/gabriela-quinones/.vscode/extensions/extensions.json.vsctmp': EntryNotFound (FileSystemError): Error: ENOENT: no such file or directory, stat '/home/gabriela-quinones/.vscode/extensions/extensions.json.vsctmp'
    at o.create (/snap/code/167/usr/share/code/resources/app/out/vs/code/node/sharedProcess/sharedProcessMain.js:54:19408)
    at u (/snap/code/167/usr/share/code/resources/app/out/vs/code/node/sharedProcess/sharedProcessMain.js:54:19519)
    at p.hb (/snap/code/167/usr/share/code/resources/app/out/vs/code/node/sharedProcess/sharedProcessMain.js:59:36714)
    at p.stat (/snap/code/167/usr/share/code/resources/app/out/vs/code/node/sharedProcess/sharedProcessMain.js:59:29034)
    at async c.stat (/snap/code/167/usr/share/code/resources/app/out/vs/code/node/sharedProcess/sharedProcessMain.js:59:14940)
    at async z.ub (/snap/code/167/usr/share/code/resources/app/out/vs/code/node/sharedProcess/sharedProcessMain.js:105:120384)
2024-08-29 12:15:46.757 [info] Extension signature verification result for ms-python.vscode-pylance: Success. Executed: true. Duration: 646ms.
2024-08-29 12:15:50.311 [info] Extracted extension to file:///home/gabriela-quinones/.vscode/extensions/ms-python.vscode-pylance-2024.8.2: ms-python.vscode-pylance
2024-08-29 12:15:50.347 [info] Renamed to /home/gabriela-quinones/.vscode/extensions/ms-python.vscode-pylance-2024.8.2
2024-08-29 12:15:50.391 [info] Extension installed successfully: ms-python.debugpy vscode-userdata:/home/gabriela-quinones/.vscode/extensions/extensions.json
2024-08-29 12:15:50.391 [info] Extension installed successfully: ms-python.python vscode-userdata:/home/gabriela-quinones/.vscode/extensions/extensions.json
2024-08-29 12:15:50.391 [info] Extension installed successfully: ms-python.vscode-pylance vscode-userdata:/home/gabriela-quinones/.vscode/extensions/extensions.json
2024-08-29 12:15:50.431 [error] [uncaught exception in sharedProcess]: Error: ENOENT: no such file or directory, stat '/home/gabriela-quinones/.vscode/extensions/extensions.json.vsctmp': EntryNotFound (FileSystemError): Error: ENOENT: no such file or directory, stat '/home/gabriela-quinones/.vscode/extensions/extensions.json.vsctmp'
    at o.create (/snap/code/167/usr/share/code/resources/app/out/vs/code/node/sharedProcess/sharedProcessMain.js:54:19408)
    at u (/snap/code/167/usr/share/code/resources/app/out/vs/code/node/sharedProcess/sharedProcessMain.js:54:19519)
    at p.hb (/snap/code/167/usr/share/code/resources/app/out/vs/code/node/sharedProcess/sharedProcessMain.js:59:36714)
    at p.stat (/snap/code/167/usr/share/code/resources/app/out/vs/code/node/sharedProcess/sharedProcessMain.js:59:29034)
    at async c.stat (/snap/code/167/usr/share/code/resources/app/out/vs/code/node/sharedProcess/sharedProcessMain.js:59:14940)
    at async z.ub (/snap/code/167/usr/share/code/resources/app/out/vs/code/node/sharedProcess/sharedProcessMain.js:105:120384)
